<?xml version="1.0" encoding="UTF-8"?>
<!-- Generated by org.testng.reporters.JUnitReportReporter -->
<testsuite hostname="LAPTOP-SGHH5E1T" failures="0" tests="1" name="Testcases.Assignment1" time="29.510" errors="0" timestamp="2020-02-02T19:57:55 IST" skipped="0">
  <testcase classname="Testcases.Assignment1" name="Assignment1_" time="29.510"/>
</testsuite> <!-- Testcases.Assignment1 -->
