<?xml version="1.0" encoding="UTF-8"?>
<!-- Generated by org.testng.reporters.JUnitReportReporter -->
<testsuite hostname="LAPTOP-SGHH5E1T" failures="0" tests="1" name="Testcases.Assignment2" time="33.913" errors="0" timestamp="2020-02-02T20:56:07 IST" skipped="0">
  <testcase classname="Testcases.Assignment2" name="Tripadv" time="33.913"/>
</testsuite> <!-- Testcases.Assignment2 -->
