<?xml version="1.0" encoding="UTF-8"?>
<!-- Generated by org.testng.reporters.JUnitReportReporter -->
<testsuite hostname="LAPTOP-SGHH5E1T" failures="0" tests="1" name="Zest.Assignment1" time="24.911" errors="0" timestamp="2020-02-02T18:23:29 IST" skipped="0">
  <testcase classname="Zest.Assignment1" name="Assignment1_" time="24.911"/>
</testsuite> <!-- Zest.Assignment1 -->
