<?xml version="1.0" encoding="UTF-8"?>
<!-- Generated by org.testng.reporters.JUnitReportReporter -->
<testsuite hostname="LAPTOP-SGHH5E1T" failures="0" tests="1" name="Zest.Assignment2" time="36.338" errors="0" timestamp="2020-02-02T19:50:32 IST" skipped="0">
  <testcase classname="Zest.Assignment2" name="Tripadv" time="36.338"/>
</testsuite> <!-- Zest.Assignment2 -->
